<?xml version="1.0" encoding="UTF-8"?>
<!-- Generated by org.testng.reporters.JUnitReportReporter -->
<testsuite hostname="DESKTOP-N280N82" failures="0" tests="1" name="demo.Ajio" time="17.265" errors="0" timestamp="2023-07-23T12:13:25 IST" skipped="0">
  <testcase classname="demo.Ajio" name="ajioTest" time="17.265"/>
</testsuite> <!-- demo.Ajio -->
