<?xml version="1.0" encoding="UTF-8"?>
<!-- Generated by org.testng.reporters.JUnitReportReporter -->
<testsuite hostname="DESKTOP-N280N82" failures="0" tests="1" name="demo.flipkart" time="10.031" errors="0" timestamp="2023-07-23T12:13:25 IST" skipped="0">
  <testcase classname="demo.flipkart" name="flipkartTest" time="10.031"/>
</testsuite> <!-- demo.flipkart -->
