<?xml version="1.0" encoding="UTF-8"?>
<!-- Generated by org.testng.reporters.JUnitReportReporter -->
<testsuite hostname="DESKTOP-N280N82" failures="0" tests="1" name="demo.flipkart" time="10.347" errors="0" timestamp="2023-07-23T16:22:16 IST" skipped="0">
  <testcase classname="demo.flipkart" name="flipkartTest" time="10.347"/>
  <system-out/>
</testsuite> <!-- demo.flipkart -->
