<?xml version="1.0" encoding="UTF-8"?>
<!-- Generated by org.testng.reporters.JUnitReportReporter -->
<testsuite hostname="DESKTOP-N280N82" failures="0" tests="1" name="demo.Amazon" time="13.853" errors="0" timestamp="2023-07-23T16:22:16 IST" skipped="0">
  <testcase classname="demo.Amazon" name="AmazonTest" time="13.853"/>
  <system-out/>
</testsuite> <!-- demo.Amazon -->
